<?xml version="1.0" encoding="UTF-8"?>
<!-- Generated by org.testng.reporters.JUnitReportReporter -->
<testsuite hostname="LAPTOP-FG2Q0DK7" failures="0" tests="1" name="TestNGClasses.VerifyTheLoginPage2" time="6.651" errors="0" timestamp="2023-05-27T23:32:39 IST" skipped="0">
  <testcase classname="TestNGClasses.VerifyTheLoginPage2" name="verifyTheFunctionalityOfLogInButton2" time="6.651"/>
  <system-out/>
</testsuite> <!-- TestNGClasses.VerifyTheLoginPage2 -->
